# JRE version: OpenJDK Runtime Environment Corretto-17.0.6.10.1 (17.0.6+10) (build 17.0.6+10-LTS)
# Java VM: OpenJDK 64-Bit Server VM Corretto-17.0.6.10.1 (17.0.6+10-LTS, mixed mode, emulated-client, sharing, tiered, compressed oops, compressed class ptrs, g1 gc, windows-amd64)
GC Precious Log:
 CPUs: 4 total, 4 available
 Memory: 6047M
 Large Page Support: Disabled
 NUMA Support: Disabled
 Compressed Oops: Enabled (32-bit)
 Heap Region Size: 1M
 Heap Min Capacity: 8M
 Heap Initial Capacity: 96M
 Heap Max Capacity: 1512M
 Pre-touch: Disabled
 Parallel Workers: 4
 Concurrent Workers: 1
 Concurrent Refinement Workers: 4
 Periodic GC: Disabled
Heap:
 garbage-first heap   total 61440K, used 32113K [0x00000000a1800000, 0x0000000100000000)
  region size 1024K, 9 young (9216K), 4 survivors (4096K)
 Metaspace       used 57751K, committed 58176K, reserved 1105920K
  class space    used 8173K, committed 8384K, reserved 1048576K
GC Heap History (20 events):
Event: 10.185 GC heap before
{Heap before GC invocations=6 (full 0):
 garbage-first heap   total 51200K, used 39994K [0x00000000a1800000, 0x0000000100000000)
  region size 1024K, 30 young (30720K), 4 survivors (4096K)
 Metaspace       used 25541K, committed 25856K, reserved 1073152K
  class space    used 3516K, committed 3648K, reserved 1048576K
}
Event: 10.200 GC heap after
{Heap after GC invocations=7 (full 0):
 garbage-first heap   total 51200K, used 16007K [0x00000000a1800000, 0x0000000100000000)
  region size 1024K, 4 young (4096K), 4 survivors (4096K)
 Metaspace       used 25541K, committed 25856K, reserved 1073152K
  class space    used 3516K, committed 3648K, reserved 1048576K
}
Event: 10.677 GC heap before
{Heap before GC invocations=7 (full 0):
 garbage-first heap   total 51200K, used 35463K [0x00000000a1800000, 0x0000000100000000)
  region size 1024K, 24 young (24576K), 4 survivors (4096K)
 Metaspace       used 28746K, committed 29056K, reserved 1081344K
  class space    used 3955K, committed 4096K, reserved 1048576K
}
Event: 10.684 GC heap after
{Heap after GC invocations=8 (full 0):
 garbage-first heap   total 51200K, used 17141K [0x00000000a1800000, 0x0000000100000000)
  region size 1024K, 2 young (2048K), 2 survivors (2048K)
 Metaspace       used 28746K, committed 29056K, reserved 1081344K
  class space    used 3955K, committed 4096K, reserved 1048576K
}
Event: 11.114 GC heap before
{Heap before GC invocations=8 (full 0):
 garbage-first heap   total 51200K, used 35573K [0x00000000a1800000, 0x0000000100000000)
  region size 1024K, 21 young (21504K), 2 survivors (2048K)
 Metaspace       used 33948K, committed 34368K, reserved 1081344K
  class space    used 4771K, committed 4992K, reserved 1048576K
}
Event: 11.118 GC heap after
{Heap after GC invocations=9 (full 0):
 garbage-first heap   total 51200K, used 18323K [0x00000000a1800000, 0x0000000100000000)
  region size 1024K, 3 young (3072K), 3 survivors (3072K)
 Metaspace       used 33948K, committed 34368K, reserved 1081344K
  class space    used 4771K, committed 4992K, reserved 1048576K
}
Event: 11.258 GC heap before
{Heap before GC invocations=9 (full 0):
 garbage-first heap   total 51200K, used 24467K [0x00000000a1800000, 0x0000000100000000)
  region size 1024K, 10 young (10240K), 3 survivors (3072K)
 Metaspace       used 35798K, committed 36096K, reserved 1081344K
  class space    used 5078K, committed 5248K, reserved 1048576K
}
Event: 11.261 GC heap after
{Heap after GC invocations=10 (full 0):
 garbage-first heap   total 51200K, used 18980K [0x00000000a1800000, 0x0000000100000000)
  region size 1024K, 2 young (2048K), 2 survivors (2048K)
 Metaspace       used 35798K, committed 36096K, reserved 1081344K
  class space    used 5078K, committed 5248K, reserved 1048576K
}
Event: 11.630 GC heap before
{Heap before GC invocations=11 (full 0):
 garbage-first heap   total 51200K, used 38436K [0x00000000a1800000, 0x0000000100000000)
  region size 1024K, 21 young (21504K), 2 survivors (2048K)
 Metaspace       used 40705K, committed 41024K, reserved 1089536K
  class space    used 5800K, committed 5952K, reserved 1048576K
}
Event: 11.634 GC heap after
{Heap after GC invocations=12 (full 0):
 garbage-first heap   total 51200K, used 20558K [0x00000000a1800000, 0x0000000100000000)
  region size 1024K, 3 young (3072K), 3 survivors (3072K)
 Metaspace       used 40705K, committed 41024K, reserved 1089536K
  class space    used 5800K, committed 5952K, reserved 1048576K
}
Event: 12.165 GC heap before
{Heap before GC invocations=13 (full 0):
 garbage-first heap   total 51200K, used 38990K [0x00000000a1800000, 0x0000000100000000)
  region size 1024K, 21 young (21504K), 3 survivors (3072K)
 Metaspace       used 44155K, committed 44544K, reserved 1089536K
  class space    used 6375K, committed 6528K, reserved 1048576K
}
Event: 12.173 GC heap after
{Heap after GC invocations=14 (full 0):
 garbage-first heap   total 51200K, used 21668K [0x00000000a1800000, 0x0000000100000000)
  region size 1024K, 3 young (3072K), 3 survivors (3072K)
 Metaspace       used 44155K, committed 44544K, reserved 1089536K
  class space    used 6375K, committed 6528K, reserved 1048576K
}
Event: 12.621 GC heap before
{Heap before GC invocations=14 (full 0):
 garbage-first heap   total 51200K, used 38052K [0x00000000a1800000, 0x0000000100000000)
  region size 1024K, 20 young (20480K), 3 survivors (3072K)
 Metaspace       used 47108K, committed 47552K, reserved 1089536K
  class space    used 6741K, committed 6976K, reserved 1048576K
}
Event: 12.626 GC heap after
{Heap after GC invocations=15 (full 0):
 garbage-first heap   total 61440K, used 22902K [0x00000000a1800000, 0x0000000100000000)
  region size 1024K, 3 young (3072K), 3 survivors (3072K)
 Metaspace       used 47108K, committed 47552K, reserved 1089536K
  class space    used 6741K, committed 6976K, reserved 1048576K
}
Event: 13.037 GC heap before
{Heap before GC invocations=15 (full 0):
 garbage-first heap   total 61440K, used 47478K [0x00000000a1800000, 0x0000000100000000)
  region size 1024K, 27 young (27648K), 3 survivors (3072K)
 Metaspace       used 50443K, committed 50944K, reserved 1097728K
  class space    used 7228K, committed 7488K, reserved 1048576K
}
Event: 13.043 GC heap after
{Heap after GC invocations=16 (full 0):
 garbage-first heap   total 61440K, used 24702K [0x00000000a1800000, 0x0000000100000000)
  region size 1024K, 4 young (4096K), 4 survivors (4096K)
 Metaspace       used 50443K, committed 50944K, reserved 1097728K
  class space    used 7228K, committed 7488K, reserved 1048576K
}
Event: 65.376 GC heap before
{Heap before GC invocations=16 (full 0):
 garbage-first heap   total 61440K, used 47230K [0x00000000a1800000, 0x0000000100000000)
  region size 1024K, 27 young (27648K), 4 survivors (4096K)
 Metaspace       used 54487K, committed 54976K, reserved 1097728K
  class space    used 7726K, committed 7936K, reserved 1048576K
}
Event: 65.385 GC heap after
{Heap after GC invocations=17 (full 0):
 garbage-first heap   total 61440K, used 26548K [0x00000000a1800000, 0x0000000100000000)
  region size 1024K, 4 young (4096K), 4 survivors (4096K)
 Metaspace       used 54487K, committed 54976K, reserved 1097728K
  class space    used 7726K, committed 7936K, reserved 1048576K
}
Event: 66.165 GC heap before
{Heap before GC invocations=17 (full 0):
 garbage-first heap   total 61440K, used 48052K [0x00000000a1800000, 0x0000000100000000)
  region size 1024K, 25 young (25600K), 4 survivors (4096K)
 Metaspace       used 56971K, committed 57472K, reserved 1105920K
  class space    used 8073K, committed 8320K, reserved 1048576K
}
Event: 66.172 GC heap after
{Heap after GC invocations=18 (full 0):
 garbage-first heap   total 61440K, used 29041K [0x00000000a1800000, 0x0000000100000000)
  region size 1024K, 4 young (4096K), 4 survivors (4096K)
 Metaspace       used 56971K, committed 57472K, reserved 1105920K
  class space    used 8073K, committed 8320K, reserved 1048576K
}

